 normMBE,normCUR  100000.0      143.6988    
ID                       1037.     2441.     1237.     1437.     2637.
MBE                   1000000.    30000.  1000000.  1000000.   100000.
rMBE                     10.00       .30     10.00     10.00      1.00
TIME                     6959.      223.     3745.     3757.      376.
CUR                       144.      135.      267.      266.      266.
rCUR                       1.0        .9       1.9       1.9       1.9
GAS                     64208.     2270.    62272.    61371.     5911.
Norm. GAS                6421.     7567.     6227.     6137.     5911.
Norm. 1 GAS               1.00      1.18       .97       .96       .92
LIV                    161884.     5446.   162812.   163172.    15343.
Norm. LIV               16188.    18153.    16281.    16317.    15343.
Norm. 1 LIV               1.00      1.12      1.01      1.01       .95
NS                      12451.      396.    12933.    12737.     1190.
Norm. NS                 1245.     1320.     1293.     1274.     1190.
Norm. 1 NS                1.00      1.06      1.04      1.02       .96
True                    12503.      456.    13534.    13297.     1275.
Norm. True               1250.     1520.     1353.     1330.     1275.
Norm. 1 True              1.00      1.22      1.08      1.06      1.02
Counts                  14557.      523.    17514.    17192.     1651.
Norm. Counts             1456.     1743.     1751.     1719.     1651.
Norm. 1 Counts            1.00      1.20      1.20      1.18      1.13
Delays                   2054.       67.     3980.     3895.      376.
Norm. Delays              205.      223.      398.      390.      376.
Norm. 1 Delays            1.00      1.09      1.94      1.90      1.83
Delays,   %               14.1      12.8      22.7      22.7      22.8
Clasters, %              100.4     115.2     104.6     104.4     107.1
Clasters to C %          116.9     132.1     135.4     135.0     138.7
Clasters to D %           16.5      16.9      30.8      30.6      31.6
N2acc                     597.       22.     1083.     1066.       96.
Norm. N2acc                60.       74.      108.      107.       96.
Norm. 1 N2acc             1.00      1.24      1.81      1.78      1.61
