 normMBE,normCUR  200000.0      158.8562    
ID                       2237.     2737.     3637.     4937.      141.      241.     2641.
MBE                    200000.   200000.   200000.   200000.   200000.   100000.   200000.
rMBE                      1.00      1.00      1.00      1.00      1.00       .50      1.00
TIME                     1259.      783.      745.      955.      786.      467.      772.
CUR.................      159.      255.      268.      209.      254.      214.      259.
rCUR                       1.0       1.6       1.7       1.3       1.6       1.3       1.6
GAS                     14607.    14420.    16277.    16404.    15493.     7997.    16218.
Norm. GAS...........    14607.    14420.    16277.    16404.    15493.    15994.    16218.
Norm. 1 GAS               1.00       .99      1.11      1.12      1.06      1.09      1.11
LIV                     10577.    10604.    12100.    11253.    11481.     5878.    11292.
Norm. LIV...........    10577.    10604.    12100.    11253.    11481.    11756.    11292.
Norm. 1 LIV               1.00      1.00      1.14      1.06      1.09      1.11      1.07
NS                       5585.     5554.     6091.     6051.     6332.     3175.     6018.
Norm. NS............     5585.     5554.     6091.     6051.     6332.     6350.     6018.
Norm. 1 NS                1.00       .99      1.09      1.08      1.13      1.14      1.08
True                     5736.     5716.     6202.     6231.     6698.     3387.     6227.
Norm. True..........     5736.     5716.     6202.     6231.     6698.     6774.     6227.
Norm. 1 True              1.00      1.00      1.08      1.09      1.17      1.18      1.09
Counts                   5991.     6252.     6938.     6887.     7422.     3671.     6844.
Norm. Counts........     5991.     6252.     6938.     6887.     7422.     7342.     6844.
Norm. 1 Counts            1.00      1.04      1.16      1.15      1.24      1.23      1.14
Delays                    255.      536.      736.      656.      724.      284.      617.
Norm. Delays........      255.      536.      736.      656.      724.      568.      617.
Norm. 1 Delays            1.00      2.10      2.89      2.57      2.84      2.23      2.42
Delays,   %                4.3       8.6      10.6       9.5       9.8       7.7       9.0
Clasters, %              102.7     102.9     101.8     103.0     105.8     106.7     103.5
Clasters of C %          107.3     112.6     113.9     113.8     117.2     115.6     113.7
Clasters of D %            4.6       9.7      12.1      10.8      11.4       8.9      10.3
N2acc                      49.       78.      106.       77.       91.       40.       95.
Norm. N2acc.........       49.       78.      106.       77.       91.       81.       95.
Norm. 1 N2acc             1.00      1.59      2.15      1.58      1.84      1.64      1.93
